Release 14.7 - xst P.20131013 (nt)
Copyright (c) 1995-2013 Xilinx, Inc.  All rights reserved.
--> Parameter TMPDIR set to xst/projnav.tmp


Total REAL time to Xst completion: 0.00 secs
Total CPU time to Xst completion: 0.16 secs
 
--> Parameter xsthdpdir set to xst


Total REAL time to Xst completion: 0.00 secs
Total CPU time to Xst completion: 0.16 secs
 
--> Reading design: v_shift_registers_6_TOP.prj

TABLE OF CONTENTS
  1) Synthesis Options Summary
  2) HDL Parsing
  3) HDL Elaboration
  4) HDL Synthesis
       4.1) HDL Synthesis Report
  5) Advanced HDL Synthesis
       5.1) Advanced HDL Synthesis Report
  6) Low Level Synthesis
  7) Partition Report
  8) Design Summary
       8.1) Primitive and Black Box Usage
       8.2) Device utilization summary
       8.3) Partition Resource Summary
       8.4) Timing Report
            8.4.1) Clock Information
            8.4.2) Asynchronous Control Signals Information
            8.4.3) Timing Summary
            8.4.4) Timing Details
            8.4.5) Cross Clock Domains Report


=========================================================================
*                      Synthesis Options Summary                        *
=========================================================================
---- Source Parameters
Input File Name                    : "v_shift_registers_6_TOP.prj"
Ignore Synthesis Constraint File   : NO

---- Target Parameters
Output File Name                   : "v_shift_registers_6_TOP"
Output Format                      : NGC
Target Device                      : xc7a100t-3-csg324

---- Source Options
Top Module Name                    : v_shift_registers_6_TOP
Automatic FSM Extraction           : YES
FSM Encoding Algorithm             : Auto
Safe Implementation                : No
FSM Style                          : LUT
RAM Extraction                     : Yes
RAM Style                          : Auto
ROM Extraction                     : Yes
Shift Register Extraction          : YES
ROM Style                          : Auto
Resource Sharing                   : YES
Asynchronous To Synchronous        : NO
Shift Register Minimum Size        : 2
Use DSP Block                      : Auto
Automatic Register Balancing       : No

---- Target Options
LUT Combining                      : Auto
Reduce Control Sets                : Auto
Add IO Buffers                     : YES
Global Maximum Fanout              : 100000
Add Generic Clock Buffer(BUFG)     : 32
Register Duplication               : YES
Optimize Instantiated Primitives   : NO
Use Clock Enable                   : Auto
Use Synchronous Set                : Auto
Use Synchronous Reset              : Auto
Pack IO Registers into IOBs        : Auto
Equivalent register Removal        : YES

---- General Options
Optimization Goal                  : Speed
Optimization Effort                : 1
Power Reduction                    : NO
Keep Hierarchy                     : No
Netlist Hierarchy                  : As_Optimized
RTL Output                         : Yes
Global Optimization                : AllClockNets
Read Cores                         : YES
Write Timing Constraints           : NO
Cross Clock Analysis               : NO
Hierarchy Separator                : /
Bus Delimiter                      : <>
Case Specifier                     : Maintain
Slice Utilization Ratio            : 100
BRAM Utilization Ratio             : 100
DSP48 Utilization Ratio            : 100
Auto BRAM Packing                  : NO
Slice Utilization Ratio Delta      : 5

=========================================================================


=========================================================================
*                          HDL Parsing                                  *
=========================================================================
Analyzing Verilog file "C:\Users\Xilinx\Desktop\Projects\lab10_5\ring_count.v" into library work
Parsing module <ring_count>.
Analyzing Verilog file "C:\Users\Xilinx\Desktop\Projects\lab10_5\clkdiv.v" into library work
Parsing module <clkdiv>.
Analyzing Verilog file "C:\Users\Xilinx\Desktop\Projects\lab10_5\v_shift_registers_6_TOP.v" into library work
Parsing module <v_shift_registers_6_TOP>.

=========================================================================
*                            HDL Elaboration                            *
=========================================================================

Elaborating module <v_shift_registers_6_TOP>.

Elaborating module <clkdiv>.
WARNING:HDLCompiler:413 - "C:\Users\Xilinx\Desktop\Projects\lab10_5\clkdiv.v" Line 32: Result of 28-bit expression is truncated to fit in 27-bit target.
WARNING:HDLCompiler:1127 - "C:\Users\Xilinx\Desktop\Projects\lab10_5\v_shift_registers_6_TOP.v" Line 28: Assignment to clk1 ignored, since the identifier is never used

Elaborating module <ring_count>.

=========================================================================
*                           HDL Synthesis                               *
=========================================================================

Synthesizing Unit <v_shift_registers_6_TOP>.
    Related source file is "C:\Users\Xilinx\Desktop\Projects\lab10_5\v_shift_registers_6_TOP.v".
INFO:Xst:3210 - "C:\Users\Xilinx\Desktop\Projects\lab10_5\v_shift_registers_6_TOP.v" line 28: Output port <clk1> of the instance <C1> is unconnected or connected to loadless signal.
INFO:Xst:3210 - "C:\Users\Xilinx\Desktop\Projects\lab10_5\v_shift_registers_6_TOP.v" line 28: Output port <clk3> of the instance <C1> is unconnected or connected to loadless signal.
    Summary:
	no macro.
Unit <v_shift_registers_6_TOP> synthesized.

Synthesizing Unit <clkdiv>.
    Related source file is "C:\Users\Xilinx\Desktop\Projects\lab10_5\clkdiv.v".
    Found 27-bit register for signal <q>.
    Found 27-bit adder for signal <q[26]_GND_2_o_add_1_OUT> created at line 32.
    Summary:
	inferred   1 Adder/Subtractor(s).
	inferred  27 D-type flip-flop(s).
Unit <clkdiv> synthesized.

Synthesizing Unit <ring_count>.
    Related source file is "C:\Users\Xilinx\Desktop\Projects\lab10_5\ring_count.v".
    Found 8-bit register for signal <q>.
    Summary:
	inferred   8 D-type flip-flop(s).
Unit <ring_count> synthesized.

=========================================================================
HDL Synthesis Report

Macro Statistics
# Adders/Subtractors                                   : 1
 27-bit adder                                          : 1
# Registers                                            : 2
 27-bit register                                       : 1
 8-bit register                                        : 1

=========================================================================

=========================================================================
*                       Advanced HDL Synthesis                          *
=========================================================================


Synthesizing (advanced) Unit <clkdiv>.
The following registers are absorbed into counter <q>: 1 register on signal <q>.
Unit <clkdiv> synthesized (advanced).

=========================================================================
Advanced HDL Synthesis Report

Macro Statistics
# Counters                                             : 1
 27-bit up counter                                     : 1
# Registers                                            : 8
 Flip-Flops                                            : 8

=========================================================================

=========================================================================
*                         Low Level Synthesis                           *
=========================================================================
WARNING:Xst:2677 - Node <C1/q_26> of sequential type is unconnected in block <v_shift_registers_6_TOP>.

Optimizing unit <v_shift_registers_6_TOP> ...

Optimizing unit <ring_count> ...

Mapping all equations...
Building and optimizing final netlist ...
Found area constraint ratio of 100 (+ 5) on block v_shift_registers_6_TOP, actual ratio is 0.

Final Macro Processing ...

=========================================================================
Final Register Report

Macro Statistics
# Registers                                            : 34
 Flip-Flops                                            : 34

=========================================================================

=========================================================================
*                           Partition Report                            *
=========================================================================

Partition Implementation Status
-------------------------------

  No Partitions were found in this design.

-------------------------------

=========================================================================
*                            Design Summary                             *
=========================================================================

Top Level Output File Name         : v_shift_registers_6_TOP.ngc

Primitive and Black Box Usage:
------------------------------
# BELS                             : 79
#      GND                         : 1
#      INV                         : 1
#      LUT1                        : 25
#      MUXCY                       : 25
#      VCC                         : 1
#      XORCY                       : 26
# FlipFlops/Latches                : 34
#      FDC                         : 26
#      FDR                         : 7
#      FDS                         : 1
# Clock Buffers                    : 1
#      BUFGP                       : 1
# IO Buffers                       : 10
#      IBUF                        : 2
#      OBUF                        : 8

Device utilization summary:
---------------------------

Selected Device : 7a100tcsg324-3 


Slice Logic Utilization: 
 Number of Slice Registers:              34  out of  126800     0%  
 Number of Slice LUTs:                   26  out of  63400     0%  
    Number used as Logic:                26  out of  63400     0%  

Slice Logic Distribution: 
 Number of LUT Flip Flop pairs used:     34
   Number with an unused Flip Flop:       0  out of     34     0%  
   Number with an unused LUT:             8  out of     34    23%  
   Number of fully used LUT-FF pairs:    26  out of     34    76%  
   Number of unique control sets:         2

IO Utilization: 
 Number of IOs:                          11
 Number of bonded IOBs:                  11  out of    210     5%  

Specific Feature Utilization:
 Number of BUFG/BUFGCTRLs:                1  out of     32     3%  

---------------------------
Partition Resource Summary:
---------------------------

  No Partitions were found in this design.

---------------------------


=========================================================================
Timing Report

NOTE: THESE TIMING NUMBERS ARE ONLY A SYNTHESIS ESTIMATE.
      FOR ACCURATE TIMING INFORMATION PLEASE REFER TO THE TRACE REPORT
      GENERATED AFTER PLACE-and-ROUTE.

Clock Information:
------------------
-----------------------------------+------------------------+-------+
Clock Signal                       | Clock buffer(FF name)  | Load  |
-----------------------------------+------------------------+-------+
clk                                | BUFGP                  | 26    |
C1/q_25                            | NONE(R1/q_7)           | 8     |
-----------------------------------+------------------------+-------+
INFO:Xst:2169 - HDL ADVISOR - Some clock signals were not automatically buffered by XST with BUFG/BUFR resources. Please use the buffer_type constraint in order to insert these buffers to the clock signals to help prevent skew problems.

Asynchronous Control Signals Information:
----------------------------------------
No asynchronous control signals found in this design

Timing Summary:
---------------
Speed Grade: -3

   Minimum period: 2.036ns (Maximum Frequency: 491.087MHz)
   Minimum input arrival time before clock: 0.735ns
   Maximum output required time after clock: 0.645ns
   Maximum combinational path delay: No path found

Timing Details:
---------------
All values displayed in nanoseconds (ns)

=========================================================================
Timing constraint: Default period analysis for Clock 'clk'
  Clock period: 2.036ns (frequency: 491.087MHz)
  Total number of paths / destination ports: 351 / 26
-------------------------------------------------------------------------
Delay:               2.036ns (Levels of Logic = 27)
  Source:            C1/q_0 (FF)
  Destination:       C1/q_25 (FF)
  Source Clock:      clk rising
  Destination Clock: clk rising

  Data Path: C1/q_0 to C1/q_25
                                Gate     Net
    Cell:in->out      fanout   Delay   Delay  Logical Name (Net Name)
    ----------------------------------------  ------------
     FDC:C->Q              1   0.361   0.279  C1/q_0 (C1/q_0)
     INV:I->O              1   0.113   0.000  C1/Mcount_q_lut<0>_INV_0 (C1/Mcount_q_lut<0>)
     MUXCY:S->O            1   0.353   0.000  C1/Mcount_q_cy<0> (C1/Mcount_q_cy<0>)
     MUXCY:CI->O           1   0.023   0.000  C1/Mcount_q_cy<1> (C1/Mcount_q_cy<1>)
     MUXCY:CI->O           1   0.023   0.000  C1/Mcount_q_cy<2> (C1/Mcount_q_cy<2>)
     MUXCY:CI->O           1   0.023   0.000  C1/Mcount_q_cy<3> (C1/Mcount_q_cy<3>)
     MUXCY:CI->O           1   0.023   0.000  C1/Mcount_q_cy<4> (C1/Mcount_q_cy<4>)
     MUXCY:CI->O           1   0.023   0.000  C1/Mcount_q_cy<5> (C1/Mcount_q_cy<5>)
     MUXCY:CI->O           1   0.023   0.000  C1/Mcount_q_cy<6> (C1/Mcount_q_cy<6>)
     MUXCY:CI->O           1   0.023   0.000  C1/Mcount_q_cy<7> (C1/Mcount_q_cy<7>)
     MUXCY:CI->O           1   0.023   0.000  C1/Mcount_q_cy<8> (C1/Mcount_q_cy<8>)
     MUXCY:CI->O           1   0.023   0.000  C1/Mcount_q_cy<9> (C1/Mcount_q_cy<9>)
     MUXCY:CI->O           1   0.023   0.000  C1/Mcount_q_cy<10> (C1/Mcount_q_cy<10>)
     MUXCY:CI->O           1   0.023   0.000  C1/Mcount_q_cy<11> (C1/Mcount_q_cy<11>)
     MUXCY:CI->O           1   0.023   0.000  C1/Mcount_q_cy<12> (C1/Mcount_q_cy<12>)
     MUXCY:CI->O           1   0.023   0.000  C1/Mcount_q_cy<13> (C1/Mcount_q_cy<13>)
     MUXCY:CI->O           1   0.023   0.000  C1/Mcount_q_cy<14> (C1/Mcount_q_cy<14>)
     MUXCY:CI->O           1   0.023   0.000  C1/Mcount_q_cy<15> (C1/Mcount_q_cy<15>)
     MUXCY:CI->O           1   0.023   0.000  C1/Mcount_q_cy<16> (C1/Mcount_q_cy<16>)
     MUXCY:CI->O           1   0.023   0.000  C1/Mcount_q_cy<17> (C1/Mcount_q_cy<17>)
     MUXCY:CI->O           1   0.023   0.000  C1/Mcount_q_cy<18> (C1/Mcount_q_cy<18>)
     MUXCY:CI->O           1   0.023   0.000  C1/Mcount_q_cy<19> (C1/Mcount_q_cy<19>)
     MUXCY:CI->O           1   0.023   0.000  C1/Mcount_q_cy<20> (C1/Mcount_q_cy<20>)
     MUXCY:CI->O           1   0.023   0.000  C1/Mcount_q_cy<21> (C1/Mcount_q_cy<21>)
     MUXCY:CI->O           1   0.023   0.000  C1/Mcount_q_cy<22> (C1/Mcount_q_cy<22>)
     MUXCY:CI->O           1   0.023   0.000  C1/Mcount_q_cy<23> (C1/Mcount_q_cy<23>)
     MUXCY:CI->O           0   0.023   0.000  C1/Mcount_q_cy<24> (C1/Mcount_q_cy<24>)
     XORCY:CI->O           1   0.370   0.000  C1/Mcount_q_xor<25> (Result<25>)
     FDC:D                     0.008          C1/q_25
    ----------------------------------------
    Total                      2.036ns (1.757ns logic, 0.279ns route)
                                       (86.3% logic, 13.7% route)

=========================================================================
Timing constraint: Default period analysis for Clock 'C1/q_25'
  Clock period: 0.653ns (frequency: 1532.567MHz)
  Total number of paths / destination ports: 8 / 8
-------------------------------------------------------------------------
Delay:               0.653ns (Levels of Logic = 0)
  Source:            R1/q_0 (FF)
  Destination:       R1/q_7 (FF)
  Source Clock:      C1/q_25 rising
  Destination Clock: C1/q_25 rising

  Data Path: R1/q_0 to R1/q_7
                                Gate     Net
    Cell:in->out      fanout   Delay   Delay  Logical Name (Net Name)
    ----------------------------------------  ------------
     FDR:C->Q              2   0.361   0.283  R1/q_0 (R1/q_0)
     FDS:D                     0.008          R1/q_7
    ----------------------------------------
    Total                      0.653ns (0.369ns logic, 0.283ns route)
                                       (56.6% logic, 43.4% route)

=========================================================================
Timing constraint: Default OFFSET IN BEFORE for Clock 'clk'
  Total number of paths / destination ports: 26 / 26
-------------------------------------------------------------------------
Offset:              0.735ns (Levels of Logic = 1)
  Source:            clr (PAD)
  Destination:       C1/q_0 (FF)
  Destination Clock: clk rising

  Data Path: clr to C1/q_0
                                Gate     Net
    Cell:in->out      fanout   Delay   Delay  Logical Name (Net Name)
    ----------------------------------------  ------------
     IBUF:I->O            26   0.001   0.385  clr_IBUF (clr_IBUF)
     FDC:CLR                   0.349          C1/q_0
    ----------------------------------------
    Total                      0.735ns (0.350ns logic, 0.385ns route)
                                       (47.6% logic, 52.4% route)

=========================================================================
Timing constraint: Default OFFSET IN BEFORE for Clock 'C1/q_25'
  Total number of paths / destination ports: 8 / 8
-------------------------------------------------------------------------
Offset:              0.661ns (Levels of Logic = 1)
  Source:            ALOAD (PAD)
  Destination:       R1/q_7 (FF)
  Destination Clock: C1/q_25 rising

  Data Path: ALOAD to R1/q_7
                                Gate     Net
    Cell:in->out      fanout   Delay   Delay  Logical Name (Net Name)
    ----------------------------------------  ------------
     IBUF:I->O             8   0.001   0.311  ALOAD_IBUF (ALOAD_IBUF)
     FDR:R                     0.349          R1/q_0
    ----------------------------------------
    Total                      0.661ns (0.350ns logic, 0.311ns route)
                                       (52.9% logic, 47.1% route)

=========================================================================
Timing constraint: Default OFFSET OUT AFTER for Clock 'C1/q_25'
  Total number of paths / destination ports: 8 / 8
-------------------------------------------------------------------------
Offset:              0.645ns (Levels of Logic = 1)
  Source:            R1/q_7 (FF)
  Destination:       SO<7> (PAD)
  Source Clock:      C1/q_25 rising

  Data Path: R1/q_7 to SO<7>
                                Gate     Net
    Cell:in->out      fanout   Delay   Delay  Logical Name (Net Name)
    ----------------------------------------  ------------
     FDS:C->Q              2   0.361   0.283  R1/q_7 (R1/q_7)
     OBUF:I->O                 0.000          SO_7_OBUF (SO<7>)
    ----------------------------------------
    Total                      0.645ns (0.361ns logic, 0.283ns route)
                                       (56.0% logic, 44.0% route)

=========================================================================

Cross Clock Domains Report:
--------------------------

Clock to Setup on destination clock C1/q_25
---------------+---------+---------+---------+---------+
               | Src:Rise| Src:Fall| Src:Rise| Src:Fall|
Source Clock   |Dest:Rise|Dest:Rise|Dest:Fall|Dest:Fall|
---------------+---------+---------+---------+---------+
C1/q_25        |    0.653|         |         |         |
---------------+---------+---------+---------+---------+

Clock to Setup on destination clock clk
---------------+---------+---------+---------+---------+
               | Src:Rise| Src:Fall| Src:Rise| Src:Fall|
Source Clock   |Dest:Rise|Dest:Rise|Dest:Fall|Dest:Fall|
---------------+---------+---------+---------+---------+
clk            |    2.036|         |         |         |
---------------+---------+---------+---------+---------+

=========================================================================


Total REAL time to Xst completion: 17.00 secs
Total CPU time to Xst completion: 16.85 secs
 
--> 

Total memory usage is 244168 kilobytes

Number of errors   :    0 (   0 filtered)
Number of warnings :    3 (   0 filtered)
Number of infos    :    3 (   0 filtered)

