--------------------------------------------------------------------------------
Release 14.7 Trace  (nt)
Copyright (c) 1995-2013 Xilinx, Inc.  All rights reserved.

C:\Xilinx\14.7\ISE_DS\ISE\bin\nt\unwrapped\trce.exe -intstyle ise -v 3 -s 4 -n
3 -fastpaths -xml wpbevtop1.twx wpbevtop1.ncd -o wpbevtop1.twr wpbevtop1.pcf
-ucf Spartan3_Master_Const.ucf

Design file:              wpbevtop1.ncd
Physical constraint file: wpbevtop1.pcf
Device,package,speed:     xc3s250e,tq144,-4 (PRODUCTION 1.27 2013-10-13)
Report level:             verbose report

Environment Variable      Effect 
--------------------      ------ 
NONE                      No environment variables were set
--------------------------------------------------------------------------------

INFO:Timing:2698 - No timing constraints found, doing default enumeration.
INFO:Timing:3412 - To improve timing, see the Timing Closure User Guide (UG612).
INFO:Timing:2752 - To get complete path coverage, use the unconstrained paths 
   option. All paths that are not constrained will be reported in the 
   unconstrained paths section(s) of the report.
INFO:Timing:3339 - The clock-to-out numbers in this timing report are based on 
   a 50 Ohm transmission line loading model.  For the details of this model, 
   and for more information on accounting for different loading conditions, 
   please see the device datasheet.
INFO:Timing:3390 - This architecture does not support a default System Jitter 
   value, please add SYSTEM_JITTER constraint to the UCF to modify the Clock 
   Uncertainty calculation.
INFO:Timing:3389 - This architecture does not support 'Discrete Jitter' and 
   'Phase Error' calculations, these terms will be zero in the Clock 
   Uncertainty calculation.  Please make appropriate modification to 
   SYSTEM_JITTER to account for the unsupported Discrete Jitter and Phase 
   Error.



Data Sheet report:
-----------------
All values displayed in nanoseconds (ns)

Setup/Hold to clock clk
------------+------------+------------+------------------+--------+
            |Max Setup to|Max Hold to |                  | Clock  |
Source      | clk (edge) | clk (edge) |Internal Clock(s) | Phase  |
------------+------------+------------+------------------+--------+
btn0        |    0.654(R)|    0.671(R)|clk_BUFGP         |   0.000|
sw0         |    2.511(R)|   -0.815(R)|clk_BUFGP         |   0.000|
------------+------------+------------+------------------+--------+

Clock clk to Pad
------------+------------+------------------+--------+
            | clk (edge) |                  | Clock  |
Destination |   to PAD   |Internal Clock(s) | Phase  |
------------+------------+------------------+--------+
q<0>        |    8.278(R)|clk_BUFGP         |   0.000|
q<1>        |    9.329(R)|clk_BUFGP         |   0.000|
q<2>        |    8.681(R)|clk_BUFGP         |   0.000|
q<3>        |    8.630(R)|clk_BUFGP         |   0.000|
segn<0>     |   10.783(R)|clk_BUFGP         |   0.000|
segn<1>     |   10.651(R)|clk_BUFGP         |   0.000|
segn<2>     |   10.387(R)|clk_BUFGP         |   0.000|
segn<3>     |   10.399(R)|clk_BUFGP         |   0.000|
segn<4>     |   10.528(R)|clk_BUFGP         |   0.000|
segn<5>     |   10.192(R)|clk_BUFGP         |   0.000|
segn<6>     |   10.179(R)|clk_BUFGP         |   0.000|
------------+------------+------------------+--------+

Clock to Setup on destination clock clk
---------------+---------+---------+---------+---------+
               | Src:Rise| Src:Fall| Src:Rise| Src:Fall|
Source Clock   |Dest:Rise|Dest:Rise|Dest:Fall|Dest:Fall|
---------------+---------+---------+---------+---------+
clk            |    5.952|         |         |         |
---------------+---------+---------+---------+---------+


Analysis completed Tue Apr 05 20:58:07 2022 
--------------------------------------------------------------------------------

Trace Settings:
-------------------------
Trace Settings 

Peak Memory Usage: 130 MB



