Copyright 1986-2020 Xilinx, Inc. All Rights Reserved.
---------------------------------------------------------------------------------------
| Tool Version : Vivado v.2020.1 (win64) Build 2902540 Wed May 27 19:54:49 MDT 2020
| Date         : Mon Oct 10 15:37:17 2022
| Host         : RICOLAPTOP running 64-bit major release  (build 9200)
| Command      : report_control_sets -verbose -file Top_Module_control_sets_placed.rpt
| Design       : Top_Module
| Device       : xc7a100t
---------------------------------------------------------------------------------------

Control Set Information

Table of Contents
-----------------
1. Summary
2. Histogram
3. Flip-Flop Distribution
4. Detailed Control Set Information

1. Summary
----------

+----------------------------------------------------------+-------+
|                          Status                          | Count |
+----------------------------------------------------------+-------+
| Total control sets                                       |    12 |
|    Minimum number of control sets                        |    12 |
|    Addition due to synthesis replication                 |     0 |
|    Addition due to physical synthesis replication        |     0 |
| Unused register locations in slices containing registers |    53 |
+----------------------------------------------------------+-------+
* Control sets can be merged at opt_design using control_set_merge or merge_equivalent_drivers
** Run report_qor_suggestions for automated merging and remapping suggestions


2. Histogram
------------

+--------------------+-------+
|       Fanout       | Count |
+--------------------+-------+
| Total control sets |    12 |
| >= 0 to < 4        |     4 |
| >= 4 to < 6        |     2 |
| >= 6 to < 8        |     1 |
| >= 8 to < 10       |     1 |
| >= 10 to < 12      |     0 |
| >= 12 to < 14      |     3 |
| >= 14 to < 16      |     0 |
| >= 16              |     1 |
+--------------------+-------+
* Control sets can be remapped at either synth_design or opt_design


3. Flip-Flop Distribution
-------------------------

+--------------+-----------------------+------------------------+-----------------+--------------+
| Clock Enable | Synchronous Set/Reset | Asynchronous Set/Reset | Total Registers | Total Slices |
+--------------+-----------------------+------------------------+-----------------+--------------+
| No           | No                    | No                     |               1 |            1 |
| No           | No                    | Yes                    |              34 |           11 |
| No           | Yes                   | No                     |               0 |            0 |
| Yes          | No                    | No                     |               0 |            0 |
| Yes          | No                    | Yes                    |              48 |           13 |
| Yes          | Yes                   | No                     |               0 |            0 |
+--------------+-----------------------+------------------------+-----------------+--------------+


4. Detailed Control Set Information
-----------------------------------

+-----------------+------------------------------+-------------------+------------------+----------------+--------------+
|   Clock Signal  |         Enable Signal        |  Set/Reset Signal | Slice Load Count | Bel Load Count | Bels / Slice |
+-----------------+------------------------------+-------------------+------------------+----------------+--------------+
|  clk25_BUFG     |                              |                   |                1 |              1 |         1.00 |
|  clk25_BUFG     |                              | U3/rdrf_clr_reg_0 |                1 |              1 |         1.00 |
|  clk25_BUFG     | U6/TxD_i_1_n_0               | btn_IBUF[3]       |                1 |              1 |         1.00 |
|  U1/out[1]      |                              | btn_IBUF[3]       |                1 |              2 |         2.00 |
|  clk25_BUFG     | U2/bit_count                 | btn_IBUF[3]       |                1 |              4 |         4.00 |
|  clk25_BUFG     | U6/bit_count[3]_i_1__0_n_0   | btn_IBUF[3]       |                1 |              4 |         4.00 |
|  clk25_BUFG     | U6/txbuff[6]_i_1_n_0         | btn_IBUF[3]       |                2 |              7 |         3.50 |
|  clk25_BUFG     | U2/rxbuff                    | btn_IBUF[3]       |                1 |              8 |         8.00 |
|  clk25_BUFG     |                              | btn_IBUF[3]       |                4 |             12 |         3.00 |
|  clk25_BUFG     | U2/baud_count                | btn_IBUF[3]       |                4 |             12 |         3.00 |
|  clk25_BUFG     | U6/baud_count[11]_i_1__0_n_0 | btn_IBUF[3]       |                3 |             12 |         4.00 |
|  mclk_IBUF_BUFG |                              | btn_IBUF[3]       |                5 |             19 |         3.80 |
+-----------------+------------------------------+-------------------+------------------+----------------+--------------+


