Release 14.7 - xst P.20131013 (nt)
Copyright (c) 1995-2013 Xilinx, Inc.  All rights reserved.
--> Parameter TMPDIR set to xst/projnav.tmp


Total REAL time to Xst completion: 1.00 secs
Total CPU time to Xst completion: 0.12 secs
 
--> Parameter xsthdpdir set to xst


Total REAL time to Xst completion: 1.00 secs
Total CPU time to Xst completion: 0.12 secs
 
--> Reading design: wpbevtop1.prj

TABLE OF CONTENTS
  1) Synthesis Options Summary
  2) HDL Compilation
  3) Design Hierarchy Analysis
  4) HDL Analysis
  5) HDL Synthesis
     5.1) HDL Synthesis Report
  6) Advanced HDL Synthesis
     6.1) Advanced HDL Synthesis Report
  7) Low Level Synthesis
  8) Partition Report
  9) Final Report
	9.1) Device utilization summary
	9.2) Partition Resource Summary
	9.3) TIMING REPORT


=========================================================================
*                      Synthesis Options Summary                        *
=========================================================================
---- Source Parameters
Input File Name                    : "wpbevtop1.prj"
Input Format                       : mixed
Ignore Synthesis Constraint File   : NO

---- Target Parameters
Output File Name                   : "wpbevtop1"
Output Format                      : NGC
Target Device                      : xc3s250e-4-tq144

---- Source Options
Top Module Name                    : wpbevtop1
Automatic FSM Extraction           : YES
FSM Encoding Algorithm             : Auto
Safe Implementation                : No
FSM Style                          : LUT
RAM Extraction                     : Yes
RAM Style                          : Auto
ROM Extraction                     : Yes
Mux Style                          : Auto
Decoder Extraction                 : YES
Priority Encoder Extraction        : Yes
Shift Register Extraction          : YES
Logical Shifter Extraction         : YES
XOR Collapsing                     : YES
ROM Style                          : Auto
Mux Extraction                     : Yes
Resource Sharing                   : YES
Asynchronous To Synchronous        : NO
Multiplier Style                   : Auto
Automatic Register Balancing       : No

---- Target Options
Add IO Buffers                     : YES
Global Maximum Fanout              : 100000
Add Generic Clock Buffer(BUFG)     : 24
Register Duplication               : YES
Slice Packing                      : YES
Optimize Instantiated Primitives   : NO
Use Clock Enable                   : Yes
Use Synchronous Set                : Yes
Use Synchronous Reset              : Yes
Pack IO Registers into IOBs        : Auto
Equivalent register Removal        : YES

---- General Options
Optimization Goal                  : Speed
Optimization Effort                : 1
Keep Hierarchy                     : No
Netlist Hierarchy                  : As_Optimized
RTL Output                         : Yes
Global Optimization                : AllClockNets
Read Cores                         : YES
Write Timing Constraints           : NO
Cross Clock Analysis               : NO
Hierarchy Separator                : /
Bus Delimiter                      : <>
Case Specifier                     : Maintain
Slice Utilization Ratio            : 100
BRAM Utilization Ratio             : 100
Verilog 2001                       : YES
Auto BRAM Packing                  : NO
Slice Utilization Ratio Delta      : 5

=========================================================================


=========================================================================
*                          HDL Compilation                              *
=========================================================================
Compiling verilog file "rategen.v" in library work
Compiling verilog file "hex2seg.v" in library work
Module <rategen> compiled
Compiling verilog file "count_sec.v" in library work
Module <hex2seg> compiled
Compiling verilog file "wpbevtop1.v" in library work
Module <count_sec> compiled
Module <wpbevtop1> compiled
No errors in compilation
Analysis of file <"wpbevtop1.prj"> succeeded.
 

=========================================================================
*                     Design Hierarchy Analysis                         *
=========================================================================
Analyzing hierarchy for module <wpbevtop1> in library <work>.

Analyzing hierarchy for module <rategen> in library <work>.

Analyzing hierarchy for module <count_sec> in library <work>.

Analyzing hierarchy for module <hex2seg> in library <work>.


=========================================================================
*                            HDL Analysis                               *
=========================================================================
Analyzing top module <wpbevtop1>.
Module <wpbevtop1> is correct for synthesis.
 
Analyzing module <rategen> in library <work>.
Module <rategen> is correct for synthesis.
 
Analyzing module <count_sec> in library <work>.
Module <count_sec> is correct for synthesis.
 
Analyzing module <hex2seg> in library <work>.
Module <hex2seg> is correct for synthesis.
 

=========================================================================
*                           HDL Synthesis                               *
=========================================================================

Performing bidirectional port resolution...

Synthesizing Unit <rategen>.
    Related source file is "rategen.v".
    Found 30-bit up counter for signal <Q>.
    Summary:
	inferred   1 Counter(s).
Unit <rategen> synthesized.


Synthesizing Unit <count_sec>.
    Related source file is "count_sec.v".
    Found 4-bit updown counter for signal <cntr_d0>.
    Summary:
	inferred   1 Counter(s).
Unit <count_sec> synthesized.


Synthesizing Unit <hex2seg>.
    Related source file is "hex2seg.v".
    Found 16x7-bit ROM for signal <seg>.
    Summary:
	inferred   1 ROM(s).
Unit <hex2seg> synthesized.


Synthesizing Unit <wpbevtop1>.
    Related source file is "wpbevtop1.v".
    Found 1-bit register for signal <dir>.
    Found 1-bit register for signal <rst>.
    Summary:
	inferred   2 D-type flip-flop(s).
Unit <wpbevtop1> synthesized.


=========================================================================
HDL Synthesis Report

Macro Statistics
# ROMs                                                 : 1
 16x7-bit ROM                                          : 1
# Counters                                             : 2
 30-bit up counter                                     : 1
 4-bit updown counter                                  : 1
# Registers                                            : 2
 1-bit register                                        : 2

=========================================================================

=========================================================================
*                       Advanced HDL Synthesis                          *
=========================================================================


=========================================================================
Advanced HDL Synthesis Report

Macro Statistics
# ROMs                                                 : 1
 16x7-bit ROM                                          : 1
# Counters                                             : 2
 30-bit up counter                                     : 1
 4-bit updown counter                                  : 1
# Registers                                            : 2
 Flip-Flops                                            : 2

=========================================================================

=========================================================================
*                         Low Level Synthesis                           *
=========================================================================

Optimizing unit <wpbevtop1> ...

Mapping all equations...
Building and optimizing final netlist ...
Found area constraint ratio of 100 (+ 5) on block wpbevtop1, actual ratio is 1.

Final Macro Processing ...

=========================================================================
Final Register Report

Macro Statistics
# Registers                                            : 36
 Flip-Flops                                            : 36

=========================================================================

=========================================================================
*                           Partition Report                            *
=========================================================================

Partition Implementation Status
-------------------------------

  No Partitions were found in this design.

-------------------------------

=========================================================================
*                            Final Report                               *
=========================================================================
Final Results
RTL Top Level Output File Name     : wpbevtop1.ngr
Top Level Output File Name         : wpbevtop1
Output Format                      : NGC
Optimization Goal                  : Speed
Keep Hierarchy                     : No

Design Statistics
# IOs                              : 18

Cell Usage :
# BELS                             : 126
#      GND                         : 1
#      INV                         : 2
#      LUT1                        : 29
#      LUT2                        : 2
#      LUT2_L                      : 1
#      LUT3                        : 1
#      LUT4                        : 19
#      LUT4_L                      : 1
#      MUXCY                       : 37
#      MUXF5                       : 2
#      VCC                         : 1
#      XORCY                       : 30
# FlipFlops/Latches                : 36
#      FD                          : 2
#      FDR                         : 30
#      FDRE                        : 4
# Clock Buffers                    : 1
#      BUFGP                       : 1
# IO Buffers                       : 17
#      IBUF                        : 2
#      OBUF                        : 15
=========================================================================

Device utilization summary:
---------------------------

Selected Device : 3s250etq144-4 

 Number of Slices:                       27  out of   2448     1%  
 Number of Slice Flip Flops:             36  out of   4896     0%  
 Number of 4 input LUTs:                 55  out of   4896     1%  
 Number of IOs:                          18
 Number of bonded IOBs:                  18  out of    108    16%  
 Number of GCLKs:                         1  out of     24     4%  

---------------------------
Partition Resource Summary:
---------------------------

  No Partitions were found in this design.

---------------------------


=========================================================================
TIMING REPORT

NOTE: THESE TIMING NUMBERS ARE ONLY A SYNTHESIS ESTIMATE.
      FOR ACCURATE TIMING INFORMATION PLEASE REFER TO THE TRACE REPORT
      GENERATED AFTER PLACE-and-ROUTE.

Clock Information:
------------------
-----------------------------------+------------------------+-------+
Clock Signal                       | Clock buffer(FF name)  | Load  |
-----------------------------------+------------------------+-------+
clk                                | BUFGP                  | 36    |
-----------------------------------+------------------------+-------+

Asynchronous Control Signals Information:
----------------------------------------
No asynchronous control signals found in this design

Timing Summary:
---------------
Speed Grade: -4

   Minimum period: 6.691ns (Maximum Frequency: 149.464MHz)
   Minimum input arrival time before clock: 1.946ns
   Maximum output required time after clock: 6.162ns
   Maximum combinational path delay: No path found

Timing Detail:
--------------
All values displayed in nanoseconds (ns)

=========================================================================
Timing constraint: Default period analysis for Clock 'clk'
  Clock period: 6.691ns (frequency: 149.464MHz)
  Total number of paths / destination ports: 1682 / 72
-------------------------------------------------------------------------
Delay:               6.691ns (Levels of Logic = 10)
  Source:            rategenerator/Q_7 (FF)
  Destination:       rategenerator/Q_0 (FF)
  Source Clock:      clk rising
  Destination Clock: clk rising

  Data Path: rategenerator/Q_7 to rategenerator/Q_0
                                Gate     Net
    Cell:in->out      fanout   Delay   Delay  Logical Name (Net Name)
    ----------------------------------------  ------------
     FDR:C->Q              2   0.591   0.622  rategenerator/Q_7 (rategenerator/Q_7)
     LUT2:I0->O            1   0.704   0.000  rategenerator/cy_wg_lut<0> (rategenerator/cy_wg_lut<0>)
     MUXCY:S->O            1   0.464   0.000  rategenerator/cy_wg_cy<0> (rategenerator/cy_wg_cy<0>)
     MUXCY:CI->O           1   0.059   0.000  rategenerator/cy_wg_cy<1> (rategenerator/cy_wg_cy<1>)
     MUXCY:CI->O           1   0.059   0.000  rategenerator/cy_wg_cy<2> (rategenerator/cy_wg_cy<2>)
     MUXCY:CI->O           1   0.059   0.000  rategenerator/cy_wg_cy<3> (rategenerator/cy_wg_cy<3>)
     MUXCY:CI->O           1   0.059   0.000  rategenerator/cy_wg_cy<4> (rategenerator/cy_wg_cy<4>)
     MUXCY:CI->O           1   0.059   0.000  rategenerator/cy_wg_cy<5> (rategenerator/cy_wg_cy<5>)
     MUXCY:CI->O           1   0.059   0.000  rategenerator/cy_wg_cy<6> (rategenerator/cy_wg_cy<6>)
     MUXCY:CI->O           6   0.331   0.748  rategenerator/cy_wg_cy<7> (ce)
     LUT2:I1->O           30   0.704   1.262  rategenerator/Q_or00001 (rategenerator/Q_or0000)
     FDR:R                     0.911          rategenerator/Q_0
    ----------------------------------------
    Total                      6.691ns (4.059ns logic, 2.632ns route)
                                       (60.7% logic, 39.3% route)

=========================================================================
Timing constraint: Default OFFSET IN BEFORE for Clock 'clk'
  Total number of paths / destination ports: 2 / 2
-------------------------------------------------------------------------
Offset:              1.946ns (Levels of Logic = 1)
  Source:            btn0 (PAD)
  Destination:       rst (FF)
  Destination Clock: clk rising

  Data Path: btn0 to rst
                                Gate     Net
    Cell:in->out      fanout   Delay   Delay  Logical Name (Net Name)
    ----------------------------------------  ------------
     IBUF:I->O             1   1.218   0.420  btn0_IBUF (btn0_IBUF)
     FD:D                      0.308          rst
    ----------------------------------------
    Total                      1.946ns (1.526ns logic, 0.420ns route)
                                       (78.4% logic, 21.6% route)

=========================================================================
Timing constraint: Default OFFSET OUT AFTER for Clock 'clk'
  Total number of paths / destination ports: 32 / 11
-------------------------------------------------------------------------
Offset:              6.162ns (Levels of Logic = 2)
  Source:            counter/cntr_d0_1 (FF)
  Destination:       segn<6> (PAD)
  Source Clock:      clk rising

  Data Path: counter/cntr_d0_1 to segn<6>
                                Gate     Net
    Cell:in->out      fanout   Delay   Delay  Logical Name (Net Name)
    ----------------------------------------  ------------
     FDRE:C->Q            14   0.591   1.175  counter/cntr_d0_1 (counter/cntr_d0_1)
     LUT4:I0->O            1   0.704   0.420  segdecoder/Mrom_seg21 (segn_2_OBUF)
     OBUF:I->O                 3.272          segn_2_OBUF (segn<2>)
    ----------------------------------------
    Total                      6.162ns (4.567ns logic, 1.595ns route)
                                       (74.1% logic, 25.9% route)

=========================================================================


Total REAL time to Xst completion: 8.00 secs
Total CPU time to Xst completion: 7.29 secs
 
--> 

Total memory usage is 204752 kilobytes

Number of errors   :    0 (   0 filtered)
Number of warnings :    0 (   0 filtered)
Number of infos    :    0 (   0 filtered)

